9

dir
4769
svn+ssh://svn.inf.ed.ac.uk/svn/epedev/ContextAdapterCodeGeneration/trunk/libs/junit4.5/org/junit/tests/experimental/theories
svn+ssh://svn.inf.ed.ac.uk/svn/epedev



2009-03-03T13:54:23.882318Z
4696
smoodie


svn:special svn:externals svn:needs-lock











db7d2899-3286-43a5-ace7-49031799319a

AllMembersSupplierTest$HasDataPoints.class
file




2010-04-27T22:06:03.000000Z
6275193e0647c51c037b280186ee7438
2009-03-03T13:54:23.882318Z
4696
smoodie
has-props




















849

AllMembersSupplierTest.class
file




2010-04-27T22:07:06.000000Z
26b857abfca9fca3cfeb3fb9ed1ed2f8
2009-03-03T13:54:23.882318Z
4696
smoodie
has-props




















1845

AllMembersSupplierTest.java
file




2010-04-27T22:06:27.000000Z
a8a18ccdbae4ee35b0765aebcc3a7c14
2009-03-03T13:54:23.882318Z
4696
smoodie
has-props




















1037

ParameterSignatureTest.class
file




2010-04-27T22:06:25.000000Z
7af7a78d7a06ccde8720fda8e9f04b0c
2009-03-03T13:54:23.882318Z
4696
smoodie
has-props




















2726

ParameterSignatureTest.java
file




2010-04-27T22:06:04.000000Z
2cbbbd283a22481ae3f6730bf2ddf7e9
2009-03-03T13:54:23.882318Z
4696
smoodie
has-props




















1708

ParameterizedAssertionErrorTest$1.class
file




2010-04-27T22:06:27.000000Z
cc153a77d167849b9a685b24886234f1
2009-03-03T13:54:23.882318Z
4696
smoodie
has-props




















898

ParameterizedAssertionErrorTest.class
file




2010-04-27T22:06:05.000000Z
828187243c9dd7ab5d265798c43be83e
2009-03-03T13:54:23.882318Z
4696
smoodie
has-props




















3103

ParameterizedAssertionErrorTest.java
file




2010-04-27T22:07:07.000000Z
59d6aa2eb2af27e81d0ad71d53025b6d
2009-03-03T13:54:23.882318Z
4696
smoodie
has-props




















2381

extendingwithstubs
dir

runner
dir

